<?xml version="1.0" encoding="UTF-8"?>
<!-- Generated by org.testng.reporters.JUnitReportReporter -->
<testsuite hostname="ahmed-tag" failures="0" tests="1" name="tests.UserRegistrationTest" time="7.310" errors="0" timestamp="22 Feb 2022 23:32:33 GMT" skipped="0">
  <testcase classname="tests.UserRegistrationTest" name="UserCanRegisterSuccssfully" time="7.310"/>
</testsuite> <!-- tests.UserRegistrationTest -->
