<?xml version="1.0" encoding="UTF-8"?>
<!-- Generated by org.testng.reporters.JUnitReportReporter -->
<testsuite hostname="ahmed-tag" failures="0" tests="1" name="tests.ProductHoverMenuTest" time="1.625" errors="0" timestamp="22 Feb 2022 22:42:11 GMT" skipped="0">
  <testcase classname="tests.ProductHoverMenuTest" name="UserCanSelectSubCategoryFromMainMenu" time="1.625"/>
</testsuite> <!-- tests.ProductHoverMenuTest -->
