<?xml version="1.0" encoding="UTF-8"?>
<!-- Generated by org.testng.reporters.JUnitReportReporter -->
<testsuite hostname="ahmed-tag" failures="0" tests="1" name="tests.ContactUsTest" time="3.454" errors="0" timestamp="22 Feb 2022 22:42:11 GMT" skipped="0">
  <testcase classname="tests.ContactUsTest" name="UserCanUseContactUs" time="3.454"/>
</testsuite> <!-- tests.ContactUsTest -->
