<?xml version="1.0" encoding="UTF-8"?>
<!-- Generated by org.testng.reporters.JUnitReportReporter -->
<testsuite hostname="ahmed-tag" failures="0" tests="1" name="tests.SearchProductUsingAutoSuggestTest" time="1.352" errors="0" timestamp="22 Feb 2022 22:42:11 GMT" skipped="0">
  <testcase classname="tests.SearchProductUsingAutoSuggestTest" name="UserCanSearchWithAutoSuggest" time="1.352"/>
</testsuite> <!-- tests.SearchProductUsingAutoSuggestTest -->
